<?xml version="1.0" encoding="UTF-8"?>
<!-- Generated by org.testng.reporters.JUnitReportReporter -->
<testsuite hostname="CTNL1715" failures="0" tests="1" name="com.crm.qa.testcases.LoginPageTest" time="16.041" errors="0" timestamp="2022-08-23T00:04:47 IST" skipped="0">
  <testcase classname="com.crm.qa.testcases.LoginPageTest" name="login" time="16.041"/>
  <system-out/>
</testsuite> <!-- com.crm.qa.testcases.LoginPageTest -->
